[0m2021.11.09 16:35:24 INFO  Started: Metals version 0.10.9 in workspace 'C:\Users\james\Exercism\java\cars-assemble' for client Visual Studio Code 1.62.0.[0m
[0m2021.11.09 16:35:27 INFO  time: initialize in 3.41s[0m
[0m2021.11.09 16:35:28 WARN  Build server is not auto-connectable.[0m
[0m2021.11.09 16:46:27 INFO  running 'C:\Users\james\AppData\Local\Temp\metals2301078805301980972\gradlew.bat --console=plain --init-script C:\Users\james\AppData\Local\Temp\metals2301078805301980972\init-script.gradle bloopInstall'[0m
[0m2021.11.09 16:46:27 INFO  Downloading https://services.gradle.org/distributions/gradle-5.3.1-bin.zip[0m
[0m2021.11.09 16:46:40 INFO  ...................................................................................[0m
[0m2021.11.09 16:46:42 INFO  [0m
[0m2021.11.09 16:46:42 INFO  Welcome to Gradle 5.3.1![0m
[0m2021.11.09 16:46:42 INFO  [0m
[0m2021.11.09 16:46:42 INFO  Here are the highlights of this release:[0m
[0m2021.11.09 16:46:42 INFO   - Feature variants AKA "optional dependencies"[0m
[0m2021.11.09 16:46:42 INFO   - Type-safe accessors in Kotlin precompiled script plugins[0m
[0m2021.11.09 16:46:42 INFO   - Gradle Module Metadata 1.0[0m
[0m2021.11.09 16:46:42 INFO  [0m
[0m2021.11.09 16:46:42 INFO  For more details see https://docs.gradle.org/5.3.1/release-notes.html[0m
[0m2021.11.09 16:46:42 INFO  [0m
[0m2021.11.09 16:46:42 INFO  Starting a Gradle Daemon (subsequent builds will be faster)[0m
[0m2021.11.09 16:47:02 INFO  > Task :configureBloopInstall[0m
[0m2021.11.09 16:47:06 INFO  > Task :bloopInstall[0m
[0m2021.11.09 16:47:06 INFO  [0m
[0m2021.11.09 16:47:06 INFO  BUILD SUCCESSFUL in 38s[0m
[0m2021.11.09 16:47:06 INFO  2 actionable tasks: 2 executed[0m
[0m2021.11.09 16:47:06 INFO  time: ran 'gradle bloopInstall' in 38s[0m
[0m2021.11.09 16:47:06 INFO  Attempting to connect to the build server...[0m
Starting the bsp launcher for bloop...
Opening a bsp server connection with 'bsp --protocol tcp --port 15193'...
Waiting for the bsp connection to come up...
Waiting for the bsp connection to come up...
Waiting for the bsp connection to come up...
Waiting for the bsp connection to come up...
Waiting for the bsp connection to come up...
Waiting for the bsp connection to come up...
Waiting for the bsp connection to come up...
Waiting for the bsp connection to come up...
Waiting for the bsp connection to come up...
Waiting for the bsp connection to come up...
No server running at 127.0.0.1:8212, let's fire one...
Resolving ch.epfl.scala:bloop-frontend_2.12:1.4.11...
Starting bloop server at 127.0.0.1:8212...
Attempting a connection to the server...
[0m[32m[D][0m Loading 2 projects from 'c:\Users\james\Exercism\java\cars-assemble\.bloop'...
[0m[32m[D][0m Loading project from 'c:\Users\james\Exercism\java\cars-assemble\.bloop\cars-assemble-test.json'
[0m[32m[D][0m Loading project from 'c:\Users\james\Exercism\java\cars-assemble\.bloop\cars-assemble.json'
[0m[32m[D][0m Missing analysis file for project 'cars-assemble-test'
[0m[32m[D][0m Missing analysis file for project 'cars-assemble'
[0m[32m[D][0m Waiting for a connection at 127.0.0.1:15193...
The server is listening for incoming connections at tcp://127.0.0.1:15193...
Starting thread that pumps stdin and redirects it to the bsp server...
Starting thread that pumps server stdout and redirects it to the client stdout...
[0m2021.11.09 16:47:24 INFO  tracing is disabled for protocol BSP, to enable tracing of incoming and outgoing JSON messages create an empty file at C:\Users\james\AppData\Local\scalameta\metals\cache\bsp.trace.json[0m
[0m2021.11.09 16:47:24 INFO  time: Connected to build server in 18s[0m
[0m2021.11.09 16:47:24 INFO  Connected to Build server: Bloop v1.4.11[0m
[0m2021.11.09 16:47:25 INFO  time: Imported build in 0.37s[0m
[0m2021.11.09 16:47:30 INFO  time: indexed workspace in 5.1s[0m
[0m2021.11.09 16:55:05 INFO  compiling cars-assemble (1 java source)[0m
[0m2021.11.09 16:55:05 INFO  time: compiled cars-assemble in 0.97s[0m
[0m2021.11.09 16:55:08 INFO  compiling cars-assemble (1 java source)[0m
[0m2021.11.09 16:55:08 INFO  time: compiled cars-assemble in 0.16s[0m
[0m2021.11.09 16:55:12 INFO  compiling cars-assemble (1 java source)[0m
[0m2021.11.09 16:55:12 INFO  time: compiled cars-assemble in 70ms[0m
[0m2021.11.09 16:55:14 INFO  compiling cars-assemble (1 java source)[0m
[0m2021.11.09 16:55:14 INFO  time: compiled cars-assemble in 67ms[0m
[0m2021.11.09 16:55:16 INFO  compiling cars-assemble (1 java source)[0m
[0m2021.11.09 16:55:16 INFO  time: compiled cars-assemble in 0.11s[0m
[0m2021.11.09 16:55:18 INFO  compiling cars-assemble (1 java source)[0m
[0m2021.11.09 16:55:18 INFO  time: compiled cars-assemble in 53ms[0m
[0m2021.11.09 16:55:21 INFO  compiling cars-assemble (1 java source)[0m
[0m2021.11.09 16:55:21 INFO  time: compiled cars-assemble in 80ms[0m
[0m2021.11.09 16:55:24 INFO  compiling cars-assemble (1 java source)[0m
[0m2021.11.09 16:55:24 INFO  time: compiled cars-assemble in 66ms[0m
[0m2021.11.09 16:55:26 INFO  compiling cars-assemble (1 java source)[0m
[0m2021.11.09 16:55:26 INFO  time: compiled cars-assemble in 42ms[0m
[0m2021.11.09 16:55:28 INFO  compiling cars-assemble (1 java source)[0m
[0m2021.11.09 16:55:28 INFO  time: compiled cars-assemble in 42ms[0m
[0m2021.11.09 16:55:35 INFO  compiling cars-assemble (1 java source)[0m
[0m2021.11.09 16:55:35 INFO  time: compiled cars-assemble in 40ms[0m
[0m2021.11.09 16:55:38 INFO  compiling cars-assemble (1 java source)[0m
[0m2021.11.09 16:55:38 INFO  time: compiled cars-assemble in 34ms[0m
[0m2021.11.09 16:55:40 INFO  compiling cars-assemble (1 java source)[0m
[0m2021.11.09 16:55:40 INFO  time: compiled cars-assemble in 49ms[0m
[0m2021.11.09 16:55:42 INFO  compiling cars-assemble (1 java source)[0m
[0m2021.11.09 16:55:42 INFO  time: compiled cars-assemble in 40ms[0m
[0m2021.11.09 16:55:44 INFO  compiling cars-assemble (1 java source)[0m
[0m2021.11.09 16:55:44 INFO  time: compiled cars-assemble in 37ms[0m
[0m2021.11.09 16:55:46 INFO  compiling cars-assemble (1 java source)[0m
[0m2021.11.09 16:55:46 INFO  time: compiled cars-assemble in 27ms[0m
[0m2021.11.09 16:55:48 INFO  compiling cars-assemble (1 java source)[0m
[0m2021.11.09 16:55:48 INFO  time: compiled cars-assemble in 26ms[0m
[0m2021.11.09 16:55:50 INFO  compiling cars-assemble (1 java source)[0m
[0m2021.11.09 16:55:50 INFO  time: compiled cars-assemble in 92ms[0m
[0m2021.11.09 16:55:58 INFO  compiling cars-assemble (1 java source)[0m
[0m2021.11.09 16:55:58 INFO  time: compiled cars-assemble in 0.95s[0m
[0m2021.11.09 16:56:50 INFO  compiling cars-assemble (1 java source)[0m
[0m2021.11.09 16:56:50 INFO  time: compiled cars-assemble in 41ms[0m
[0m2021.11.09 16:56:52 INFO  compiling cars-assemble (1 java source)[0m
[0m2021.11.09 16:56:52 INFO  time: compiled cars-assemble in 32ms[0m
[0m2021.11.09 16:56:54 INFO  compiling cars-assemble (1 java source)[0m
[0m2021.11.09 16:56:54 INFO  time: compiled cars-assemble in 29ms[0m
[0m2021.11.09 16:56:57 INFO  compiling cars-assemble (1 java source)[0m
[0m2021.11.09 16:56:57 INFO  time: compiled cars-assemble in 33ms[0m
[0m2021.11.09 16:56:59 INFO  compiling cars-assemble (1 java source)[0m
[0m2021.11.09 16:56:59 INFO  time: compiled cars-assemble in 32ms[0m
[0m2021.11.09 16:57:02 INFO  compiling cars-assemble (1 java source)[0m
[0m2021.11.09 16:57:02 INFO  time: compiled cars-assemble in 93ms[0m
[0m2021.11.09 16:57:04 INFO  compiling cars-assemble (1 java source)[0m
[0m2021.11.09 16:57:04 INFO  time: compiled cars-assemble in 29ms[0m
[0m2021.11.09 16:57:09 INFO  compiling cars-assemble (1 java source)[0m
[0m2021.11.09 16:57:09 INFO  time: compiled cars-assemble in 40ms[0m
[0m2021.11.09 16:57:11 INFO  compiling cars-assemble (1 java source)[0m
[0m2021.11.09 16:57:11 INFO  time: compiled cars-assemble in 27ms[0m
[0m2021.11.09 16:57:15 INFO  compiling cars-assemble (1 java source)[0m
[0m2021.11.09 16:57:15 INFO  time: compiled cars-assemble in 67ms[0m
[0m2021.11.09 16:57:17 INFO  compiling cars-assemble (1 java source)[0m
[0m2021.11.09 16:57:17 INFO  time: compiled cars-assemble in 26ms[0m
[0m2021.11.09 16:57:20 INFO  compiling cars-assemble (1 java source)[0m
[0m2021.11.09 16:57:20 INFO  time: compiled cars-assemble in 36ms[0m
[0m2021.11.09 16:57:23 INFO  compiling cars-assemble (1 java source)[0m
[0m2021.11.09 16:57:23 INFO  time: compiled cars-assemble in 25ms[0m
[0m2021.11.09 16:57:25 INFO  compiling cars-assemble (1 java source)[0m
[0m2021.11.09 16:57:25 INFO  time: compiled cars-assemble in 30ms[0m
[0m2021.11.09 16:57:27 INFO  compiling cars-assemble (1 java source)[0m
[0m2021.11.09 16:57:27 INFO  time: compiled cars-assemble in 40ms[0m
[0m2021.11.09 16:57:40 INFO  compiling cars-assemble (1 java source)[0m
[0m2021.11.09 16:57:40 INFO  time: compiled cars-assemble in 37ms[0m
[0m2021.11.09 16:57:42 INFO  compiling cars-assemble (1 java source)[0m
[0m2021.11.09 16:57:42 INFO  time: compiled cars-assemble in 32ms[0m
[0m2021.11.09 16:57:54 INFO  compiling cars-assemble (1 java source)[0m
[0m2021.11.09 16:57:54 INFO  time: compiled cars-assemble in 34ms[0m
[0m2021.11.09 16:57:56 INFO  compiling cars-assemble (1 java source)[0m
[0m2021.11.09 16:57:56 INFO  time: compiled cars-assemble in 31ms[0m
[0m2021.11.09 16:57:59 INFO  compiling cars-assemble (1 java source)[0m
[0m2021.11.09 16:57:59 INFO  time: compiled cars-assemble in 24ms[0m
[0m2021.11.09 16:58:03 INFO  compiling cars-assemble (1 java source)[0m
[0m2021.11.09 16:58:03 INFO  time: compiled cars-assemble in 22ms[0m
[0m2021.11.09 16:58:05 INFO  compiling cars-assemble (1 java source)[0m
[0m2021.11.09 16:58:05 INFO  time: compiled cars-assemble in 32ms[0m
[0m2021.11.09 16:58:07 INFO  compiling cars-assemble (1 java source)[0m
[0m2021.11.09 16:58:07 INFO  time: compiled cars-assemble in 35ms[0m
[0m2021.11.09 16:58:09 INFO  compiling cars-assemble (1 java source)[0m
[0m2021.11.09 16:58:09 INFO  time: compiled cars-assemble in 27ms[0m
[0m2021.11.09 16:58:16 INFO  compiling cars-assemble (1 java source)[0m
[0m2021.11.09 16:58:16 INFO  time: compiled cars-assemble in 29ms[0m
[0m2021.11.09 16:58:18 INFO  compiling cars-assemble (1 java source)[0m
[0m2021.11.09 16:58:18 INFO  time: compiled cars-assemble in 29ms[0m
[0m2021.11.09 16:58:34 INFO  compiling cars-assemble (1 java source)[0m
[0m2021.11.09 16:58:34 INFO  time: compiled cars-assemble in 27ms[0m
[0m2021.11.09 16:58:36 INFO  compiling cars-assemble (1 java source)[0m
[0m2021.11.09 16:58:36 INFO  time: compiled cars-assemble in 22ms[0m
[0m2021.11.09 16:58:38 INFO  compiling cars-assemble (1 java source)[0m
[0m2021.11.09 16:58:38 INFO  time: compiled cars-assemble in 20ms[0m
[0m2021.11.09 16:58:41 INFO  compiling cars-assemble (1 java source)[0m
[0m2021.11.09 16:58:41 INFO  time: compiled cars-assemble in 27ms[0m
[0m2021.11.09 16:58:43 INFO  compiling cars-assemble (1 java source)[0m
[0m2021.11.09 16:58:43 INFO  time: compiled cars-assemble in 19ms[0m
[0m2021.11.09 16:58:45 INFO  compiling cars-assemble (1 java source)[0m
[0m2021.11.09 16:58:45 INFO  time: compiled cars-assemble in 19ms[0m
[0m2021.11.09 16:58:48 INFO  compiling cars-assemble (1 java source)[0m
[0m2021.11.09 16:58:48 INFO  time: compiled cars-assemble in 24ms[0m
[0m2021.11.09 16:58:50 INFO  compiling cars-assemble (1 java source)[0m
[0m2021.11.09 16:58:50 INFO  time: compiled cars-assemble in 25ms[0m
[0m2021.11.09 16:58:53 INFO  compiling cars-assemble (1 java source)[0m
[0m2021.11.09 16:58:53 INFO  time: compiled cars-assemble in 23ms[0m
[0m2021.11.09 16:58:55 INFO  compiling cars-assemble (1 java source)[0m
[0m2021.11.09 16:58:55 INFO  time: compiled cars-assemble in 21ms[0m
[0m2021.11.09 16:58:57 INFO  compiling cars-assemble (1 java source)[0m
[0m2021.11.09 16:58:57 INFO  time: compiled cars-assemble in 35ms[0m
[0m2021.11.09 16:58:59 INFO  compiling cars-assemble (1 java source)[0m
[0m2021.11.09 16:58:59 INFO  time: compiled cars-assemble in 40ms[0m
[0m2021.11.09 16:59:01 INFO  compiling cars-assemble (1 java source)[0m
[0m2021.11.09 16:59:01 INFO  time: compiled cars-assemble in 46ms[0m
[0m2021.11.09 16:59:04 INFO  compiling cars-assemble (1 java source)[0m
[0m2021.11.09 16:59:04 INFO  time: compiled cars-assemble in 34ms[0m
[0m2021.11.09 16:59:06 INFO  compiling cars-assemble (1 java source)[0m
[0m2021.11.09 16:59:06 INFO  time: compiled cars-assemble in 17ms[0m
[0m2021.11.09 16:59:09 INFO  compiling cars-assemble (1 java source)[0m
[0m2021.11.09 16:59:09 INFO  time: compiled cars-assemble in 30ms[0m
[0m2021.11.09 16:59:11 INFO  compiling cars-assemble (1 java source)[0m
[0m2021.11.09 16:59:11 INFO  time: compiled cars-assemble in 35ms[0m
[0m2021.11.09 16:59:13 INFO  compiling cars-assemble (1 java source)[0m
[0m2021.11.09 16:59:13 INFO  time: compiled cars-assemble in 21ms[0m
[0m2021.11.09 16:59:15 INFO  compiling cars-assemble (1 java source)[0m
[0m2021.11.09 16:59:15 INFO  time: compiled cars-assemble in 20ms[0m
[0m2021.11.09 16:59:19 INFO  compiling cars-assemble (1 java source)[0m
[0m2021.11.09 16:59:19 INFO  time: compiled cars-assemble in 40ms[0m
[0m2021.11.09 16:59:21 INFO  compiling cars-assemble (1 java source)[0m
[0m2021.11.09 16:59:21 INFO  time: compiled cars-assemble in 33ms[0m
[0m2021.11.09 16:59:29 INFO  compiling cars-assemble (1 java source)[0m
[0m2021.11.09 16:59:29 INFO  time: compiled cars-assemble in 29ms[0m
[0m2021.11.09 16:59:31 INFO  compiling cars-assemble (1 java source)[0m
[0m2021.11.09 16:59:31 INFO  time: compiled cars-assemble in 36ms[0m
[0m2021.11.09 16:59:33 INFO  compiling cars-assemble (1 java source)[0m
[0m2021.11.09 16:59:33 INFO  time: compiled cars-assemble in 35ms[0m
[0m2021.11.09 16:59:35 INFO  compiling cars-assemble (1 java source)[0m
[0m2021.11.09 16:59:35 INFO  time: compiled cars-assemble in 70ms[0m
[0m2021.11.09 16:59:42 INFO  compiling cars-assemble (1 java source)[0m
[0m2021.11.09 16:59:42 INFO  time: compiled cars-assemble in 18ms[0m
[0m2021.11.09 16:59:44 INFO  compiling cars-assemble (1 java source)[0m
[0m2021.11.09 16:59:44 INFO  time: compiled cars-assemble in 31ms[0m
[0m2021.11.09 16:59:46 INFO  compiling cars-assemble (1 java source)[0m
[0m2021.11.09 16:59:46 INFO  time: compiled cars-assemble in 34ms[0m
[0m2021.11.09 16:59:50 INFO  compiling cars-assemble (1 java source)[0m
[0m2021.11.09 16:59:50 INFO  time: compiled cars-assemble in 31ms[0m
[0m2021.11.09 16:59:52 INFO  compiling cars-assemble (1 java source)[0m
[0m2021.11.09 16:59:52 INFO  time: compiled cars-assemble in 18ms[0m
[0m2021.11.09 16:59:59 INFO  compiling cars-assemble (1 java source)[0m
[0m2021.11.09 16:59:59 INFO  time: compiled cars-assemble in 21ms[0m
[0m2021.11.09 17:00:01 INFO  compiling cars-assemble (1 java source)[0m
[0m2021.11.09 17:00:01 INFO  time: compiled cars-assemble in 23ms[0m
[0m2021.11.09 17:00:06 INFO  compiling cars-assemble (1 java source)[0m
[0m2021.11.09 17:00:06 INFO  time: compiled cars-assemble in 70ms[0m
[0m2021.11.09 17:00:08 INFO  compiling cars-assemble (1 java source)[0m
[0m2021.11.09 17:00:08 INFO  time: compiled cars-assemble in 36ms[0m
[0m2021.11.09 17:00:10 INFO  compiling cars-assemble (1 java source)[0m
[0m2021.11.09 17:00:10 INFO  time: compiled cars-assemble in 36ms[0m
[0m2021.11.09 17:00:27 INFO  compiling cars-assemble (1 java source)[0m
[0m2021.11.09 17:00:27 INFO  time: compiled cars-assemble in 25ms[0m
[0m2021.11.09 17:00:29 INFO  compiling cars-assemble (1 java source)[0m
[0m2021.11.09 17:00:29 INFO  time: compiled cars-assemble in 19ms[0m
[0m2021.11.09 17:00:35 INFO  compiling cars-assemble (1 java source)[0m
[0m2021.11.09 17:00:35 INFO  time: compiled cars-assemble in 30ms[0m
[0m2021.11.09 17:00:37 INFO  compiling cars-assemble (1 java source)[0m
[0m2021.11.09 17:00:37 INFO  time: compiled cars-assemble in 26ms[0m
[0m2021.11.09 17:00:41 INFO  compiling cars-assemble (1 java source)[0m
[0m2021.11.09 17:00:41 INFO  time: compiled cars-assemble in 42ms[0m
[0m2021.11.09 17:00:43 INFO  compiling cars-assemble (1 java source)[0m
[0m2021.11.09 17:00:43 INFO  time: compiled cars-assemble in 47ms[0m
[0m2021.11.09 17:00:46 INFO  compiling cars-assemble (1 java source)[0m
[0m2021.11.09 17:00:46 INFO  time: compiled cars-assemble in 58ms[0m
[0m2021.11.09 17:00:48 INFO  compiling cars-assemble (1 java source)[0m
[0m2021.11.09 17:00:48 INFO  time: compiled cars-assemble in 36ms[0m
[0m2021.11.09 17:07:13 INFO  compiling cars-assemble (1 java source)[0m
[0m2021.11.09 17:07:13 INFO  time: compiled cars-assemble in 85ms[0m
[0m2021.11.09 17:07:19 INFO  compiling cars-assemble (1 java source)[0m
[0m2021.11.09 17:07:19 INFO  time: compiled cars-assemble in 75ms[0m
[0m2021.11.09 17:07:29 INFO  compiling cars-assemble (1 java source)[0m
[0m2021.11.09 17:07:29 INFO  time: compiled cars-assemble in 26ms[0m
[0m2021.11.09 17:07:31 INFO  compiling cars-assemble (1 java source)[0m
[0m2021.11.09 17:07:31 INFO  time: compiled cars-assemble in 20ms[0m
[0m2021.11.09 17:07:33 INFO  compiling cars-assemble (1 java source)[0m
[0m2021.11.09 17:07:33 INFO  time: compiled cars-assemble in 27ms[0m
[0m2021.11.09 17:07:35 INFO  compiling cars-assemble (1 java source)[0m
[0m2021.11.09 17:07:35 INFO  time: compiled cars-assemble in 17ms[0m
[0m2021.11.09 17:07:37 INFO  compiling cars-assemble (1 java source)[0m
[0m2021.11.09 17:07:37 INFO  time: compiled cars-assemble in 21ms[0m
[0m2021.11.09 17:07:42 INFO  compiling cars-assemble (1 java source)[0m
[0m2021.11.09 17:07:42 INFO  time: compiled cars-assemble in 71ms[0m
[0m2021.11.09 17:07:46 INFO  compiling cars-assemble (1 java source)[0m
[0m2021.11.09 17:07:46 INFO  time: compiled cars-assemble in 23ms[0m
[0m2021.11.09 17:07:48 INFO  compiling cars-assemble (1 java source)[0m
[0m2021.11.09 17:07:48 INFO  time: compiled cars-assemble in 56ms[0m
[0m2021.11.09 17:07:57 INFO  compiling cars-assemble (1 java source)[0m
[0m2021.11.09 17:07:57 INFO  time: compiled cars-assemble in 22ms[0m
[0m2021.11.09 17:07:59 INFO  compiling cars-assemble (1 java source)[0m
[0m2021.11.09 17:07:59 INFO  time: compiled cars-assemble in 32ms[0m
[0m2021.11.09 17:08:37 INFO  compiling cars-assemble (1 java source)[0m
[0m2021.11.09 17:08:37 INFO  time: compiled cars-assemble in 24ms[0m
[0m2021.11.09 17:08:39 INFO  compiling cars-assemble (1 java source)[0m
[0m2021.11.09 17:08:39 INFO  time: compiled cars-assemble in 15ms[0m
[0m2021.11.09 17:08:51 INFO  compiling cars-assemble (1 java source)[0m
[0m2021.11.09 17:08:51 INFO  time: compiled cars-assemble in 86ms[0m
[0m2021.11.09 17:10:25 INFO  compiling cars-assemble (1 java source)[0m
[0m2021.11.09 17:10:25 INFO  time: compiled cars-assemble in 34ms[0m
[0m2021.11.09 17:10:27 INFO  compiling cars-assemble (1 java source)[0m
[0m2021.11.09 17:10:27 INFO  time: compiled cars-assemble in 21ms[0m
[0m2021.11.09 17:10:29 INFO  compiling cars-assemble (1 java source)[0m
[0m2021.11.09 17:10:29 INFO  time: compiled cars-assemble in 61ms[0m
[0m2021.11.09 17:10:31 INFO  compiling cars-assemble (1 java source)[0m
[0m2021.11.09 17:10:31 INFO  time: compiled cars-assemble in 71ms[0m
[0m2021.11.09 17:10:34 INFO  compiling cars-assemble (1 java source)[0m
[0m2021.11.09 17:10:34 INFO  time: compiled cars-assemble in 21ms[0m
[0m2021.11.09 17:10:52 INFO  compiling cars-assemble (1 java source)[0m
[0m2021.11.09 17:10:52 INFO  time: compiled cars-assemble in 89ms[0m
[0m2021.11.09 17:10:57 INFO  compiling cars-assemble (1 java source)[0m
[0m2021.11.09 17:10:57 INFO  time: compiled cars-assemble in 23ms[0m
[0m2021.11.09 17:10:59 INFO  compiling cars-assemble (1 java source)[0m
[0m2021.11.09 17:10:59 INFO  time: compiled cars-assemble in 21ms[0m
[0m2021.11.09 17:11:06 INFO  compiling cars-assemble (1 java source)[0m
[0m2021.11.09 17:11:06 INFO  time: compiled cars-assemble in 62ms[0m
[0m2021.11.09 17:11:12 INFO  compiling cars-assemble (1 java source)[0m
[0m2021.11.09 17:11:12 INFO  time: compiled cars-assemble in 88ms[0m
[0m2021.11.09 17:11:21 INFO  compiling cars-assemble (1 java source)[0m
[0m2021.11.09 17:11:21 INFO  time: compiled cars-assemble in 25ms[0m
[0m2021.11.09 17:11:23 INFO  compiling cars-assemble (1 java source)[0m
[0m2021.11.09 17:11:23 INFO  time: compiled cars-assemble in 17ms[0m
[0m2021.11.09 17:11:31 INFO  compiling cars-assemble (1 java source)[0m
[0m2021.11.09 17:11:31 INFO  time: compiled cars-assemble in 70ms[0m
[0m2021.11.09 17:11:39 INFO  compiling cars-assemble (1 java source)[0m
[0m2021.11.09 17:11:39 INFO  time: compiled cars-assemble in 78ms[0m
[0m2021.11.09 17:11:43 INFO  compiling cars-assemble (1 java source)[0m
[0m2021.11.09 17:11:43 INFO  time: compiled cars-assemble in 20ms[0m
[0m2021.11.09 17:11:45 INFO  compiling cars-assemble (1 java source)[0m
[0m2021.11.09 17:11:45 INFO  time: compiled cars-assemble in 23ms[0m
[0m2021.11.09 17:11:47 INFO  compiling cars-assemble (1 java source)[0m
[0m2021.11.09 17:11:47 INFO  time: compiled cars-assemble in 19ms[0m
[0m2021.11.09 17:11:59 INFO  compiling cars-assemble (1 java source)[0m
[0m2021.11.09 17:11:59 INFO  time: compiled cars-assemble in 43ms[0m
[0m2021.11.09 17:12:01 INFO  compiling cars-assemble (1 java source)[0m
[0m2021.11.09 17:12:01 INFO  time: compiled cars-assemble in 42ms[0m
[0m2021.11.09 17:12:03 INFO  compiling cars-assemble (1 java source)[0m
[0m2021.11.09 17:12:03 INFO  time: compiled cars-assemble in 54ms[0m
[0m2021.11.09 17:12:05 INFO  compiling cars-assemble (1 java source)[0m
[0m2021.11.09 17:12:05 INFO  time: compiled cars-assemble in 32ms[0m
[0m2021.11.09 17:12:17 INFO  compiling cars-assemble (1 java source)[0m
[0m2021.11.09 17:12:17 INFO  time: compiled cars-assemble in 69ms[0m
[0m2021.11.09 17:17:09 INFO  compiling cars-assemble (1 java source)[0m
[0m2021.11.09 17:17:09 INFO  time: compiled cars-assemble in 77ms[0m
[0m2021.11.09 17:17:13 INFO  compiling cars-assemble (1 java source)[0m
[0m2021.11.09 17:17:13 INFO  time: compiled cars-assemble in 64ms[0m
[0m2021.11.09 17:17:15 INFO  compiling cars-assemble (1 java source)[0m
[0m2021.11.09 17:17:15 INFO  time: compiled cars-assemble in 87ms[0m
[0m2021.11.09 17:17:17 INFO  compiling cars-assemble (1 java source)[0m
[0m2021.11.09 17:17:17 INFO  time: compiled cars-assemble in 56ms[0m
[0m2021.11.09 17:17:20 INFO  compiling cars-assemble (1 java source)[0m
[0m2021.11.09 17:17:20 INFO  time: compiled cars-assemble in 67ms[0m
[0m2021.11.09 17:17:25 INFO  compiling cars-assemble (1 java source)[0m
[0m2021.11.09 17:17:25 INFO  time: compiled cars-assemble in 63ms[0m
[0m2021.11.09 17:17:27 INFO  compiling cars-assemble (1 java source)[0m
[0m2021.11.09 17:17:27 INFO  time: compiled cars-assemble in 69ms[0m
[0m2021.11.09 17:17:29 INFO  compiling cars-assemble (1 java source)[0m
[0m2021.11.09 17:17:29 INFO  time: compiled cars-assemble in 0.1s[0m
[0m2021.11.09 17:17:33 INFO  compiling cars-assemble (1 java source)[0m
[0m2021.11.09 17:17:33 INFO  time: compiled cars-assemble in 22ms[0m
[0m2021.11.09 17:17:35 INFO  compiling cars-assemble (1 java source)[0m
[0m2021.11.09 17:17:35 INFO  time: compiled cars-assemble in 71ms[0m
[0m2021.11.09 17:17:39 INFO  compiling cars-assemble (1 java source)[0m
[0m2021.11.09 17:17:39 INFO  time: compiled cars-assemble in 28ms[0m
[0m2021.11.09 17:17:41 INFO  compiling cars-assemble (1 java source)[0m
[0m2021.11.09 17:17:41 INFO  time: compiled cars-assemble in 63ms[0m
[0m2021.11.09 17:17:46 INFO  compiling cars-assemble (1 java source)[0m
[0m2021.11.09 17:17:46 INFO  time: compiled cars-assemble in 20ms[0m
[0m2021.11.09 17:17:48 INFO  compiling cars-assemble (1 java source)[0m
[0m2021.11.09 17:17:48 INFO  time: compiled cars-assemble in 59ms[0m
[0m2021.11.09 17:17:50 INFO  compiling cars-assemble (1 java source)[0m
[0m2021.11.09 17:17:50 INFO  time: compiled cars-assemble in 21ms[0m
[0m2021.11.09 17:17:52 INFO  compiling cars-assemble (1 java source)[0m
[0m2021.11.09 17:17:52 INFO  time: compiled cars-assemble in 51ms[0m
[0m2021.11.09 17:17:54 INFO  compiling cars-assemble (1 java source)[0m
[0m2021.11.09 17:17:54 INFO  time: compiled cars-assemble in 27ms[0m
[0m2021.11.09 17:17:56 INFO  compiling cars-assemble (1 java source)[0m
[0m2021.11.09 17:17:56 INFO  time: compiled cars-assemble in 60ms[0m
[0m2021.11.09 17:17:58 INFO  compiling cars-assemble (1 java source)[0m
[0m2021.11.09 17:17:58 INFO  time: compiled cars-assemble in 20ms[0m
[0m2021.11.09 17:18:01 INFO  compiling cars-assemble (1 java source)[0m
[0m2021.11.09 17:18:01 INFO  time: compiled cars-assemble in 69ms[0m
[0m2021.11.09 17:18:05 INFO  compiling cars-assemble (1 java source)[0m
[0m2021.11.09 17:18:05 INFO  time: compiled cars-assemble in 69ms[0m
[0m2021.11.09 17:18:07 INFO  compiling cars-assemble (1 java source)[0m
[0m2021.11.09 17:18:07 INFO  time: compiled cars-assemble in 32ms[0m
[0m2021.11.09 17:18:10 INFO  compiling cars-assemble (1 java source)[0m
[0m2021.11.09 17:18:10 INFO  time: compiled cars-assemble in 20ms[0m
[0m2021.11.09 17:18:12 INFO  compiling cars-assemble (1 java source)[0m
[0m2021.11.09 17:18:12 INFO  time: compiled cars-assemble in 73ms[0m
[0m2021.11.09 17:18:14 INFO  compiling cars-assemble (1 java source)[0m
[0m2021.11.09 17:18:14 INFO  time: compiled cars-assemble in 18ms[0m
[0m2021.11.09 17:18:16 INFO  compiling cars-assemble (1 java source)[0m
[0m2021.11.09 17:18:16 INFO  time: compiled cars-assemble in 17ms[0m
[0m2021.11.09 17:18:18 INFO  compiling cars-assemble (1 java source)[0m
[0m2021.11.09 17:18:18 INFO  time: compiled cars-assemble in 85ms[0m
[0m2021.11.09 17:18:20 INFO  compiling cars-assemble (1 java source)[0m
[0m2021.11.09 17:18:20 INFO  time: compiled cars-assemble in 17ms[0m
[0m2021.11.09 17:18:22 INFO  compiling cars-assemble (1 java source)[0m
[0m2021.11.09 17:18:22 INFO  time: compiled cars-assemble in 97ms[0m
[0m2021.11.09 17:18:36 INFO  compiling cars-assemble (1 java source)[0m
[0m2021.11.09 17:18:36 INFO  time: compiled cars-assemble in 80ms[0m
[0m2021.11.09 17:18:43 INFO  compiling cars-assemble (1 java source)[0m
[0m2021.11.09 17:18:43 INFO  time: compiled cars-assemble in 58ms[0m
[0m2021.11.09 17:18:49 INFO  compiling cars-assemble (1 java source)[0m
[0m2021.11.09 17:18:49 INFO  time: compiled cars-assemble in 63ms[0m
[0m2021.11.09 17:18:51 INFO  compiling cars-assemble (1 java source)[0m
[0m2021.11.09 17:18:51 INFO  time: compiled cars-assemble in 50ms[0m
[0m2021.11.09 17:18:55 INFO  compiling cars-assemble (1 java source)[0m
[0m2021.11.09 17:18:55 INFO  time: compiled cars-assemble in 58ms[0m
[0m2021.11.09 17:18:57 INFO  compiling cars-assemble (1 java source)[0m
[0m2021.11.09 17:18:57 INFO  time: compiled cars-assemble in 63ms[0m
[0m2021.11.09 17:19:01 INFO  compiling cars-assemble (1 java source)[0m
[0m2021.11.09 17:19:01 INFO  time: compiled cars-assemble in 55ms[0m
[0m2021.11.09 17:19:23 INFO  compiling cars-assemble (1 java source)[0m
[0m2021.11.09 17:19:23 INFO  time: compiled cars-assemble in 66ms[0m
[0m2021.11.09 17:19:32 INFO  compiling cars-assemble (1 java source)[0m
[0m2021.11.09 17:19:32 INFO  time: compiled cars-assemble in 60ms[0m
[0m2021.11.09 17:19:49 INFO  compiling cars-assemble (1 java source)[0m
[0m2021.11.09 17:19:49 INFO  time: compiled cars-assemble in 36ms[0m
[0m2021.11.09 17:19:51 INFO  compiling cars-assemble (1 java source)[0m
[0m2021.11.09 17:19:51 INFO  time: compiled cars-assemble in 25ms[0m
[0m2021.11.09 17:19:53 INFO  compiling cars-assemble (1 java source)[0m
[0m2021.11.09 17:19:53 INFO  time: compiled cars-assemble in 27ms[0m
[0m2021.11.09 17:24:37 INFO  compiling cars-assemble (1 java source)[0m
[0m2021.11.09 17:24:37 INFO  time: compiled cars-assemble in 56ms[0m
[0m2021.11.09 17:24:43 INFO  compiling cars-assemble-test (1 java source)[0m
[0m2021.11.09 17:24:43 INFO  time: compiled cars-assemble-test in 0.55s[0m
[0m2021.11.09 17:25:26 INFO  compiling cars-assemble-test (1 java source)[0m
[0m2021.11.09 17:25:26 INFO  time: compiled cars-assemble-test in 0.22s[0m
[0m2021.11.09 17:25:39 INFO  compiling cars-assemble-test (1 java source)[0m
[0m2021.11.09 17:25:39 INFO  time: compiled cars-assemble-test in 0.29s[0m
[0m2021.11.09 17:25:44 INFO  compiling cars-assemble-test (1 java source)[0m
[0m2021.11.09 17:25:44 INFO  time: compiled cars-assemble-test in 0.23s[0m
[0m2021.11.09 17:25:46 INFO  compiling cars-assemble-test (1 java source)[0m
[0m2021.11.09 17:25:46 INFO  time: compiled cars-assemble-test in 0.21s[0m
[0m2021.11.09 17:25:48 INFO  compiling cars-assemble-test (1 java source)[0m
[0m2021.11.09 17:25:48 INFO  time: compiled cars-assemble-test in 0.17s[0m
[0m2021.11.09 17:26:45 INFO  compiling cars-assemble (1 java source)[0m
[0m2021.11.09 17:26:45 INFO  time: compiled cars-assemble in 72ms[0m
[0m2021.11.09 17:29:57 INFO  compiling cars-assemble (1 java source)[0m
[0m2021.11.09 17:29:57 INFO  time: compiled cars-assemble in 38ms[0m
[0m2021.11.09 17:30:00 INFO  compiling cars-assemble (1 java source)[0m
[0m2021.11.09 17:30:00 INFO  time: compiled cars-assemble in 42ms[0m
[0m2021.11.09 17:30:08 INFO  compiling cars-assemble (1 java source)[0m
[0m2021.11.09 17:30:08 INFO  time: compiled cars-assemble in 62ms[0m
[0m2021.11.09 17:30:18 INFO  compiling cars-assemble (1 java source)[0m
[0m2021.11.09 17:30:18 INFO  time: compiled cars-assemble in 65ms[0m
[0m2021.11.09 18:17:19 INFO  compiling cars-assemble (1 java source)[0m
[0m2021.11.09 18:17:19 INFO  time: compiled cars-assemble in 91ms[0m
[0m2021.11.09 18:17:24 INFO  compiling cars-assemble (1 java source)[0m
[0m2021.11.09 18:17:24 INFO  time: compiled cars-assemble in 99ms[0m
[0m2021.11.09 18:17:28 INFO  compiling cars-assemble (1 java source)[0m
[0m2021.11.09 18:17:28 INFO  time: compiled cars-assemble in 47ms[0m
[0m2021.11.09 18:17:31 INFO  compiling cars-assemble (1 java source)[0m
[0m2021.11.09 18:17:31 INFO  time: compiled cars-assemble in 44ms[0m
[0m2021.11.09 18:17:33 INFO  compiling cars-assemble (1 java source)[0m
[0m2021.11.09 18:17:33 INFO  time: compiled cars-assemble in 28ms[0m
[0m2021.11.09 18:17:50 INFO  compiling cars-assemble (1 java source)[0m
[0m2021.11.09 18:17:50 INFO  time: compiled cars-assemble in 36ms[0m
[0m2021.11.09 18:17:52 INFO  compiling cars-assemble (1 java source)[0m
[0m2021.11.09 18:17:52 INFO  time: compiled cars-assemble in 29ms[0m
[0m2021.11.09 18:17:54 INFO  compiling cars-assemble (1 java source)[0m
[0m2021.11.09 18:17:54 INFO  time: compiled cars-assemble in 65ms[0m
[0m2021.11.09 18:18:02 INFO  compiling cars-assemble (1 java source)[0m
[0m2021.11.09 18:18:02 INFO  time: compiled cars-assemble in 30ms[0m
[0m2021.11.09 18:18:19 INFO  compiling cars-assemble (1 java source)[0m
[0m2021.11.09 18:18:19 INFO  time: compiled cars-assemble in 29ms[0m
[0m2021.11.09 18:18:21 INFO  compiling cars-assemble (1 java source)[0m
[0m2021.11.09 18:18:21 INFO  time: compiled cars-assemble in 26ms[0m
[0m2021.11.09 18:18:23 INFO  compiling cars-assemble (1 java source)[0m
[0m2021.11.09 18:18:23 INFO  time: compiled cars-assemble in 30ms[0m
[0m2021.11.09 18:18:25 INFO  compiling cars-assemble (1 java source)[0m
[0m2021.11.09 18:18:25 INFO  time: compiled cars-assemble in 28ms[0m
[0m2021.11.09 18:18:27 INFO  compiling cars-assemble (1 java source)[0m
[0m2021.11.09 18:18:27 INFO  time: compiled cars-assemble in 57ms[0m
[0m2021.11.09 18:18:43 INFO  compiling cars-assemble-test (1 java source)[0m
[0m2021.11.09 18:18:43 INFO  time: compiled cars-assemble-test in 0.19s[0m
[0m2021.11.09 18:18:48 INFO  compiling cars-assemble-test (1 java source)[0m
[0m2021.11.09 18:18:48 INFO  time: compiled cars-assemble-test in 0.16s[0m
[0m2021.11.09 18:18:50 INFO  compiling cars-assemble-test (1 java source)[0m
[0m2021.11.09 18:18:50 INFO  time: compiled cars-assemble-test in 0.15s[0m
[0m2021.11.09 18:18:52 INFO  compiling cars-assemble-test (1 java source)[0m
[0m2021.11.09 18:18:52 INFO  time: compiled cars-assemble-test in 0.14s[0m
[0m2021.11.09 18:18:54 INFO  compiling cars-assemble-test (1 java source)[0m
[0m2021.11.09 18:18:54 INFO  time: compiled cars-assemble-test in 0.17s[0m
[0m2021.11.09 18:18:57 INFO  compiling cars-assemble-test (1 java source)[0m
[0m2021.11.09 18:18:57 INFO  time: compiled cars-assemble-test in 0.19s[0m
[0m2021.11.09 18:18:59 INFO  compiling cars-assemble-test (1 java source)[0m
[0m2021.11.09 18:18:59 INFO  time: compiled cars-assemble-test in 0.15s[0m
[0m2021.11.09 18:19:56 INFO  compiling cars-assemble (1 java source)[0m
[0m2021.11.09 18:19:56 INFO  time: compiled cars-assemble in 55ms[0m
[0m2021.11.09 18:19:58 INFO  compiling cars-assemble (1 java source)[0m
[0m2021.11.09 18:19:58 INFO  time: compiled cars-assemble in 0.1s[0m
[0m2021.11.09 18:20:01 INFO  compiling cars-assemble (1 java source)[0m
[0m2021.11.09 18:20:01 INFO  time: compiled cars-assemble in 66ms[0m
[0m2021.11.09 18:20:03 INFO  compiling cars-assemble (1 java source)[0m
[0m2021.11.09 18:20:03 INFO  time: compiled cars-assemble in 69ms[0m
[0m2021.11.09 18:20:05 INFO  compiling cars-assemble (1 java source)[0m
[0m2021.11.09 18:20:05 INFO  time: compiled cars-assemble in 80ms[0m
[0m2021.11.09 18:20:07 INFO  compiling cars-assemble (1 java source)[0m
[0m2021.11.09 18:20:07 INFO  time: compiled cars-assemble in 74ms[0m
[0m2021.11.09 18:21:02 INFO  compiling cars-assemble (1 java source)[0m
[0m2021.11.09 18:21:02 INFO  time: compiled cars-assemble in 20ms[0m
[0m2021.11.09 18:21:04 INFO  compiling cars-assemble (1 java source)[0m
[0m2021.11.09 18:21:04 INFO  time: compiled cars-assemble in 13ms[0m
[0m2021.11.09 18:21:06 INFO  compiling cars-assemble (1 java source)[0m
[0m2021.11.09 18:21:06 INFO  time: compiled cars-assemble in 15ms[0m
[0m2021.11.09 18:21:08 INFO  compiling cars-assemble (1 java source)[0m
[0m2021.11.09 18:21:08 INFO  time: compiled cars-assemble in 60ms[0m
[0m2021.11.09 18:21:13 INFO  compiling cars-assemble (1 java source)[0m
[0m2021.11.09 18:21:13 INFO  time: compiled cars-assemble in 22ms[0m
[0m2021.11.09 18:21:15 INFO  compiling cars-assemble (1 java source)[0m
[0m2021.11.09 18:21:15 INFO  time: compiled cars-assemble in 18ms[0m
[0m2021.11.09 18:21:20 INFO  compiling cars-assemble (1 java source)[0m
[0m2021.11.09 18:21:20 INFO  time: compiled cars-assemble in 19ms[0m
[0m2021.11.09 18:21:22 INFO  compiling cars-assemble (1 java source)[0m
[0m2021.11.09 18:21:22 INFO  time: compiled cars-assemble in 18ms[0m
[0m2021.11.09 18:21:24 INFO  compiling cars-assemble (1 java source)[0m
[0m2021.11.09 18:21:24 INFO  time: compiled cars-assemble in 23ms[0m
[0m2021.11.09 18:21:32 INFO  compiling cars-assemble (1 java source)[0m
[0m2021.11.09 18:21:32 INFO  time: compiled cars-assemble in 20ms[0m
[0m2021.11.09 18:21:34 INFO  compiling cars-assemble (1 java source)[0m
[0m2021.11.09 18:21:34 INFO  time: compiled cars-assemble in 25ms[0m
[0m2021.11.09 18:21:38 INFO  compiling cars-assemble (1 java source)[0m
[0m2021.11.09 18:21:38 INFO  time: compiled cars-assemble in 23ms[0m
[0m2021.11.09 18:21:40 INFO  compiling cars-assemble (1 java source)[0m
[0m2021.11.09 18:21:40 INFO  time: compiled cars-assemble in 19ms[0m
[0m2021.11.09 18:21:42 INFO  compiling cars-assemble (1 java source)[0m
[0m2021.11.09 18:21:42 INFO  time: compiled cars-assemble in 23ms[0m
[0m2021.11.09 18:21:46 INFO  compiling cars-assemble (1 java source)[0m
[0m2021.11.09 18:21:46 INFO  time: compiled cars-assemble in 22ms[0m
[0m2021.11.09 18:21:48 INFO  compiling cars-assemble (1 java source)[0m
[0m2021.11.09 18:21:48 INFO  time: compiled cars-assemble in 33ms[0m
[0m2021.11.09 18:21:55 INFO  compiling cars-assemble (1 java source)[0m
[0m2021.11.09 18:21:55 INFO  time: compiled cars-assemble in 19ms[0m
[0m2021.11.09 18:21:57 INFO  compiling cars-assemble (1 java source)[0m
[0m2021.11.09 18:21:57 INFO  time: compiled cars-assemble in 21ms[0m
[0m2021.11.09 18:21:59 INFO  compiling cars-assemble (1 java source)[0m
[0m2021.11.09 18:21:59 INFO  time: compiled cars-assemble in 63ms[0m
[0m2021.11.09 18:22:01 INFO  compiling cars-assemble (1 java source)[0m
[0m2021.11.09 18:22:01 INFO  time: compiled cars-assemble in 18ms[0m
[0m2021.11.09 18:22:03 INFO  compiling cars-assemble (1 java source)[0m
[0m2021.11.09 18:22:03 INFO  time: compiled cars-assemble in 16ms[0m
[0m2021.11.09 18:22:15 INFO  compiling cars-assemble (1 java source)[0m
[0m2021.11.09 18:22:15 INFO  time: compiled cars-assemble in 70ms[0m
[0m2021.11.09 18:22:17 INFO  compiling cars-assemble (1 java source)[0m
[0m2021.11.09 18:22:17 INFO  time: compiled cars-assemble in 88ms[0m
[0m2021.11.09 18:22:19 INFO  compiling cars-assemble (1 java source)[0m
[0m2021.11.09 18:22:19 INFO  time: compiled cars-assemble in 14ms[0m
[0m2021.11.09 18:22:21 INFO  compiling cars-assemble (1 java source)[0m
[0m2021.11.09 18:22:21 INFO  time: compiled cars-assemble in 17ms[0m
[0m2021.11.09 18:22:23 INFO  compiling cars-assemble (1 java source)[0m
[0m2021.11.09 18:22:23 INFO  time: compiled cars-assemble in 18ms[0m
[0m2021.11.09 18:22:26 INFO  compiling cars-assemble (1 java source)[0m
[0m2021.11.09 18:22:26 INFO  time: compiled cars-assemble in 24ms[0m
[0m2021.11.09 18:22:28 INFO  compiling cars-assemble (1 java source)[0m
[0m2021.11.09 18:22:28 INFO  time: compiled cars-assemble in 19ms[0m
[0m2021.11.09 18:22:30 INFO  compiling cars-assemble (1 java source)[0m
[0m2021.11.09 18:22:30 INFO  time: compiled cars-assemble in 22ms[0m
[0m2021.11.09 18:22:33 INFO  compiling cars-assemble (1 java source)[0m
[0m2021.11.09 18:22:33 INFO  time: compiled cars-assemble in 22ms[0m
[0m2021.11.09 18:22:35 INFO  compiling cars-assemble (1 java source)[0m
[0m2021.11.09 18:22:35 INFO  time: compiled cars-assemble in 18ms[0m
[0m2021.11.09 18:22:40 INFO  compiling cars-assemble (1 java source)[0m
[0m2021.11.09 18:22:40 INFO  time: compiled cars-assemble in 27ms[0m
[0m2021.11.09 18:22:42 INFO  compiling cars-assemble (1 java source)[0m
[0m2021.11.09 18:22:42 INFO  time: compiled cars-assemble in 23ms[0m
[0m2021.11.09 18:22:44 INFO  compiling cars-assemble (1 java source)[0m
[0m2021.11.09 18:22:44 INFO  time: compiled cars-assemble in 20ms[0m
[0m2021.11.09 18:22:47 INFO  compiling cars-assemble (1 java source)[0m
[0m2021.11.09 18:22:47 INFO  time: compiled cars-assemble in 25ms[0m
[0m2021.11.09 18:22:49 INFO  compiling cars-assemble (1 java source)[0m
[0m2021.11.09 18:22:49 INFO  time: compiled cars-assemble in 19ms[0m
[0m2021.11.09 18:22:51 INFO  compiling cars-assemble (1 java source)[0m
[0m2021.11.09 18:22:51 INFO  time: compiled cars-assemble in 21ms[0m
[0m2021.11.09 18:22:54 INFO  compiling cars-assemble (1 java source)[0m
[0m2021.11.09 18:22:54 INFO  time: compiled cars-assemble in 19ms[0m
[0m2021.11.09 18:22:56 INFO  compiling cars-assemble (1 java source)[0m
[0m2021.11.09 18:22:56 INFO  time: compiled cars-assemble in 17ms[0m
[0m2021.11.09 18:22:58 INFO  compiling cars-assemble (1 java source)[0m
[0m2021.11.09 18:22:58 INFO  time: compiled cars-assemble in 21ms[0m
[0m2021.11.09 18:23:00 INFO  compiling cars-assemble (1 java source)[0m
[0m2021.11.09 18:23:00 INFO  time: compiled cars-assemble in 24ms[0m
[0m2021.11.09 18:23:02 INFO  compiling cars-assemble (1 java source)[0m
[0m2021.11.09 18:23:02 INFO  time: compiled cars-assemble in 21ms[0m
[0m2021.11.09 18:23:04 INFO  compiling cars-assemble (1 java source)[0m
[0m2021.11.09 18:23:04 INFO  time: compiled cars-assemble in 17ms[0m
[0m2021.11.09 18:23:06 INFO  compiling cars-assemble (1 java source)[0m
[0m2021.11.09 18:23:06 INFO  time: compiled cars-assemble in 22ms[0m
[0m2021.11.09 18:23:09 INFO  compiling cars-assemble (1 java source)[0m
[0m2021.11.09 18:23:09 INFO  time: compiled cars-assemble in 26ms[0m
[0m2021.11.09 18:23:12 INFO  compiling cars-assemble (1 java source)[0m
[0m2021.11.09 18:23:12 INFO  time: compiled cars-assemble in 19ms[0m
[0m2021.11.09 18:23:14 INFO  compiling cars-assemble (1 java source)[0m
[0m2021.11.09 18:23:14 INFO  time: compiled cars-assemble in 23ms[0m
[0m2021.11.09 18:23:16 INFO  compiling cars-assemble (1 java source)[0m
[0m2021.11.09 18:23:16 INFO  time: compiled cars-assemble in 23ms[0m
[0m2021.11.09 18:23:18 INFO  compiling cars-assemble (1 java source)[0m
[0m2021.11.09 18:23:18 INFO  time: compiled cars-assemble in 18ms[0m
[0m2021.11.09 18:23:20 INFO  compiling cars-assemble (1 java source)[0m
[0m2021.11.09 18:23:20 INFO  time: compiled cars-assemble in 26ms[0m
[0m2021.11.09 18:23:22 INFO  compiling cars-assemble (1 java source)[0m
[0m2021.11.09 18:23:22 INFO  time: compiled cars-assemble in 23ms[0m
[0m2021.11.09 18:23:24 INFO  compiling cars-assemble (1 java source)[0m
[0m2021.11.09 18:23:24 INFO  time: compiled cars-assemble in 25ms[0m
[0m2021.11.09 18:23:26 INFO  compiling cars-assemble (1 java source)[0m
[0m2021.11.09 18:23:26 INFO  time: compiled cars-assemble in 20ms[0m
[0m2021.11.09 18:23:28 INFO  compiling cars-assemble (1 java source)[0m
[0m2021.11.09 18:23:28 INFO  time: compiled cars-assemble in 19ms[0m
[0m2021.11.09 18:23:32 INFO  compiling cars-assemble (1 java source)[0m
[0m2021.11.09 18:23:32 INFO  time: compiled cars-assemble in 27ms[0m
[0m2021.11.09 18:23:34 INFO  compiling cars-assemble (1 java source)[0m
[0m2021.11.09 18:23:34 INFO  time: compiled cars-assemble in 20ms[0m
[0m2021.11.09 18:23:36 INFO  compiling cars-assemble (1 java source)[0m
[0m2021.11.09 18:23:36 INFO  time: compiled cars-assemble in 20ms[0m
[0m2021.11.09 18:23:38 INFO  compiling cars-assemble (1 java source)[0m
[0m2021.11.09 18:23:38 INFO  time: compiled cars-assemble in 16ms[0m
[0m2021.11.09 18:23:41 INFO  compiling cars-assemble (1 java source)[0m
[0m2021.11.09 18:23:41 INFO  time: compiled cars-assemble in 23ms[0m
[0m2021.11.09 18:23:43 INFO  compiling cars-assemble (1 java source)[0m
[0m2021.11.09 18:23:43 INFO  time: compiled cars-assemble in 22ms[0m
[0m2021.11.09 18:23:46 INFO  compiling cars-assemble (1 java source)[0m
[0m2021.11.09 18:23:46 INFO  time: compiled cars-assemble in 28ms[0m
[0m2021.11.09 18:23:48 INFO  compiling cars-assemble (1 java source)[0m
[0m2021.11.09 18:23:48 INFO  time: compiled cars-assemble in 20ms[0m
[0m2021.11.09 18:23:51 INFO  compiling cars-assemble (1 java source)[0m
[0m2021.11.09 18:23:51 INFO  time: compiled cars-assemble in 21ms[0m
[0m2021.11.09 18:23:53 INFO  compiling cars-assemble (1 java source)[0m
[0m2021.11.09 18:23:53 INFO  time: compiled cars-assemble in 28ms[0m
[0m2021.11.09 18:23:56 INFO  compiling cars-assemble (1 java source)[0m
[0m2021.11.09 18:23:56 INFO  time: compiled cars-assemble in 19ms[0m
[0m2021.11.09 18:24:56 INFO  compiling cars-assemble (1 java source)[0m
[0m2021.11.09 18:24:56 INFO  time: compiled cars-assemble in 27ms[0m
[0m2021.11.09 18:24:58 INFO  compiling cars-assemble (1 java source)[0m
[0m2021.11.09 18:24:58 INFO  time: compiled cars-assemble in 18ms[0m
[0m2021.11.09 18:25:00 INFO  compiling cars-assemble (1 java source)[0m
[0m2021.11.09 18:25:00 INFO  time: compiled cars-assemble in 41ms[0m
[0m2021.11.09 18:25:07 INFO  compiling cars-assemble (1 java source)[0m
[0m2021.11.09 18:25:07 INFO  time: compiled cars-assemble in 23ms[0m
[0m2021.11.09 18:25:09 INFO  compiling cars-assemble (1 java source)[0m
[0m2021.11.09 18:25:09 INFO  time: compiled cars-assemble in 17ms[0m
[0m2021.11.09 18:25:18 INFO  compiling cars-assemble (1 java source)[0m
[0m2021.11.09 18:25:18 INFO  time: compiled cars-assemble in 26ms[0m
[0m2021.11.09 18:25:20 INFO  compiling cars-assemble (1 java source)[0m
[0m2021.11.09 18:25:20 INFO  time: compiled cars-assemble in 19ms[0m
[0m2021.11.09 18:25:23 INFO  compiling cars-assemble (1 java source)[0m
[0m2021.11.09 18:25:23 INFO  time: compiled cars-assemble in 21ms[0m
[0m2021.11.09 18:25:25 INFO  compiling cars-assemble (1 java source)[0m
[0m2021.11.09 18:25:25 INFO  time: compiled cars-assemble in 15ms[0m
[0m2021.11.09 18:25:27 INFO  compiling cars-assemble (1 java source)[0m
[0m2021.11.09 18:25:27 INFO  time: compiled cars-assemble in 19ms[0m
[0m2021.11.09 18:39:12 INFO  compiling cars-assemble (1 java source)[0m
[0m2021.11.09 18:39:12 INFO  time: compiled cars-assemble in 34ms[0m
[0m2021.11.09 18:39:14 INFO  compiling cars-assemble (1 java source)[0m
[0m2021.11.09 18:39:14 INFO  time: compiled cars-assemble in 20ms[0m
[0m2021.11.09 18:39:18 INFO  compiling cars-assemble (1 java source)[0m
[0m2021.11.09 18:39:18 INFO  time: compiled cars-assemble in 19ms[0m
[0m2021.11.09 18:39:20 INFO  compiling cars-assemble (1 java source)[0m
[0m2021.11.09 18:39:20 INFO  time: compiled cars-assemble in 21ms[0m
[0m2021.11.09 18:39:24 INFO  compiling cars-assemble (1 java source)[0m
[0m2021.11.09 18:39:24 INFO  time: compiled cars-assemble in 23ms[0m
[0m2021.11.09 18:39:26 INFO  compiling cars-assemble (1 java source)[0m
[0m2021.11.09 18:39:26 INFO  time: compiled cars-assemble in 16ms[0m
[0m2021.11.09 18:39:30 INFO  compiling cars-assemble (1 java source)[0m
[0m2021.11.09 18:39:30 INFO  time: compiled cars-assemble in 22ms[0m
[0m2021.11.09 18:39:32 INFO  compiling cars-assemble (1 java source)[0m
[0m2021.11.09 18:39:32 INFO  time: compiled cars-assemble in 18ms[0m
[0m2021.11.09 18:39:35 INFO  compiling cars-assemble (1 java source)[0m
[0m2021.11.09 18:39:35 INFO  time: compiled cars-assemble in 18ms[0m
[0m2021.11.09 18:39:37 INFO  compiling cars-assemble (1 java source)[0m
[0m2021.11.09 18:39:37 INFO  time: compiled cars-assemble in 15ms[0m
[0m2021.11.09 18:39:39 INFO  compiling cars-assemble (1 java source)[0m
[0m2021.11.09 18:39:39 INFO  time: compiled cars-assemble in 18ms[0m
[0m2021.11.09 18:39:42 INFO  compiling cars-assemble (1 java source)[0m
[0m2021.11.09 18:39:42 INFO  time: compiled cars-assemble in 27ms[0m
[0m2021.11.09 18:39:44 INFO  compiling cars-assemble (1 java source)[0m
[0m2021.11.09 18:39:44 INFO  time: compiled cars-assemble in 20ms[0m
[0m2021.11.09 18:39:46 INFO  compiling cars-assemble (1 java source)[0m
[0m2021.11.09 18:39:46 INFO  time: compiled cars-assemble in 21ms[0m
[0m2021.11.09 18:39:51 INFO  compiling cars-assemble (1 java source)[0m
[0m2021.11.09 18:39:51 INFO  time: compiled cars-assemble in 22ms[0m
[0m2021.11.09 18:39:57 INFO  compiling cars-assemble (1 java source)[0m
[0m2021.11.09 18:39:57 INFO  time: compiled cars-assemble in 19ms[0m
[0m2021.11.09 18:39:59 INFO  compiling cars-assemble (1 java source)[0m
[0m2021.11.09 18:39:59 INFO  time: compiled cars-assemble in 16ms[0m
[0m2021.11.09 18:40:04 INFO  compiling cars-assemble (1 java source)[0m
[0m2021.11.09 18:40:04 INFO  time: compiled cars-assemble in 17ms[0m
[0m2021.11.09 18:40:06 INFO  compiling cars-assemble (1 java source)[0m
[0m2021.11.09 18:40:06 INFO  time: compiled cars-assemble in 14ms[0m
[0m2021.11.09 18:40:09 INFO  compiling cars-assemble (1 java source)[0m
[0m2021.11.09 18:40:09 INFO  time: compiled cars-assemble in 19ms[0m
[0m2021.11.09 18:40:11 INFO  compiling cars-assemble (1 java source)[0m
[0m2021.11.09 18:40:11 INFO  time: compiled cars-assemble in 15ms[0m
[0m2021.11.09 18:40:16 INFO  compiling cars-assemble (1 java source)[0m
[0m2021.11.09 18:40:16 INFO  time: compiled cars-assemble in 16ms[0m
[0m2021.11.09 18:40:18 INFO  compiling cars-assemble (1 java source)[0m
[0m2021.11.09 18:40:18 INFO  time: compiled cars-assemble in 16ms[0m
[0m2021.11.09 18:40:21 INFO  compiling cars-assemble (1 java source)[0m
[0m2021.11.09 18:40:21 INFO  time: compiled cars-assemble in 19ms[0m
[0m2021.11.09 18:40:24 INFO  compiling cars-assemble (1 java source)[0m
[0m2021.11.09 18:40:24 INFO  time: compiled cars-assemble in 44ms[0m
[0m2021.11.09 18:40:27 INFO  compiling cars-assemble (1 java source)[0m
[0m2021.11.09 18:40:27 INFO  time: compiled cars-assemble in 40ms[0m
[0m2021.11.09 18:40:29 INFO  compiling cars-assemble (1 java source)[0m
[0m2021.11.09 18:40:29 INFO  time: compiled cars-assemble in 46ms[0m
[0m2021.11.09 18:40:34 INFO  compiling cars-assemble (1 java source)[0m
[0m2021.11.09 18:40:34 INFO  time: compiled cars-assemble in 21ms[0m
[0m2021.11.09 18:40:36 INFO  compiling cars-assemble (1 java source)[0m
[0m2021.11.09 18:40:36 INFO  time: compiled cars-assemble in 16ms[0m
[0m2021.11.09 18:40:38 INFO  compiling cars-assemble (1 java source)[0m
[0m2021.11.09 18:40:38 INFO  time: compiled cars-assemble in 29ms[0m
[0m2021.11.09 18:40:40 INFO  compiling cars-assemble (1 java source)[0m
[0m2021.11.09 18:40:40 INFO  time: compiled cars-assemble in 69ms[0m
[0m2021.11.09 19:24:22 INFO  shutting down Metals[0m
[0m2021.11.09 19:24:23 INFO  Shut down connection with build server.[0m
No more data in the client stdin, exiting...
No more data in the server stdin, exiting...
